#
# There is insufficient memory for the Java Runtime Environment to continue.
# Native memory allocation (mmap) failed to map 132120576 bytes. Error detail: G1 virtual space
# Possible reasons:
#   The system is out of physical RAM or swap space
#   This process is running with CompressedOops enabled, and the Java Heap may be blocking the growth of the native heap
# Possible solutions:
#   Reduce memory load on the system
#   Increase physical memory or swap space
#   Check if swap backing store is full
#   Decrease Java heap size (-Xmx/-Xms)
#   Decrease number of Java threads
#   Decrease Java thread stack sizes (-Xss)
#   Set larger code cache with -XX:ReservedCodeCacheSize=
#   JVM is running with Unscaled Compressed Oops mode in which the Java heap is
#     placed in the first 4GB address space. The Java Heap base address is the
#     maximum limit for the native heap growth. Please use -XX:HeapBaseMinAddress
#     to set the Java Heap base and to place the Java Heap above 4GB virtual address.
# This output file may be truncated or incomplete.
#
#  Out of Memory Error (os_windows.cpp:3631), pid=10012, tid=2772
#
# JRE version:  (22.0.2+9) (build )
# Java VM: Java HotSpot(TM) 64-Bit Server VM (22.0.2+9-70, mixed mode, sharing, tiered, compressed oops, compressed class ptrs, g1 gc, windows-amd64)
# No core dump will be written. Minidumps are not enabled by default on client versions of Windows
#

---------------  S U M M A R Y ------------

Command Line: -Dfile.encoding=UTF-8 -Dstdout.encoding=UTF-8 -Dstderr.encoding=UTF-8 -XX:+ShowCodeDetailsInExceptionMessages ChineseChess.RunGame

Host: 11th Gen Intel(R) Core(TM) i5-11320H @ 3.20GHz, 8 cores, 7G,  Windows 11 , 64 bit Build 22621 (10.0.22621.4391)
Time: Thu Nov 14 22:29:37 2024 SE Asia Standard Time elapsed time: 0.012621 seconds (0d 0h 0m 0s)

---------------  T H R E A D  ---------------

Current thread (0x000002ae010f1c60):  JavaThread "Unknown thread" [_thread_in_vm, id=2772, stack(0x000000bd88800000,0x000000bd88900000) (1024K)]

Stack: [0x000000bd88800000,0x000000bd88900000]
Native frames: (J=compiled Java code, j=interpreted, Vv=VM code, C=native code)
V  [jvm.dll+0x6e26e9]  (no source info available)
V  [jvm.dll+0x875753]  (no source info available)
V  [jvm.dll+0x877b7e]  (no source info available)
V  [jvm.dll+0x878253]  (no source info available)
V  [jvm.dll+0x27fc86]  (no source info available)
V  [jvm.dll+0x6ded85]  (no source info available)
V  [jvm.dll+0x6d388a]  (no source info available)
V  [jvm.dll+0x358b8a]  (no source info available)
V  [jvm.dll+0x3610b6]  (no source info available)
V  [jvm.dll+0x3b419e]  (no source info available)
V  [jvm.dll+0x3b4448]  (no source info available)
V  [jvm.dll+0x32c5ec]  (no source info available)
V  [jvm.dll+0x32d258]  (no source info available)
V  [jvm.dll+0x83d5ac]  (no source info available)
V  [jvm.dll+0x3c10d1]  (no source info available)
V  [jvm.dll+0x8264cc]  (no source info available)
V  [jvm.dll+0x45bd5e]  (no source info available)
V  [jvm.dll+0x45dbe1]  (no source info available)
C  [jli.dll+0x52a3]  (no source info available)
C  [ucrtbase.dll+0x29333]  (no source info available)
C  [KERNEL32.DLL+0x1259d]  (no source info available)
C  [ntdll.dll+0x5af38]  (no source info available)


---------------  P R O C E S S  ---------------

Threads class SMR info:
_java_thread_list=0x00007ffd6279c1c8, length=0, elements={
}

Java Threads: ( => current thread )
Total: 0

Other Threads:
  0x000002ae032325d0 WorkerThread "GC Thread#0"                     [id=8672, stack(0x000000bd88900000,0x000000bd88a00000) (1024K)]
  0x000002ae03243cc0 ConcurrentGCThread "G1 Main Marker"            [id=14032, stack(0x000000bd88a00000,0x000000bd88b00000) (1024K)]
  0x000002ae03245780 WorkerThread "G1 Conc#0"                       [id=16012, stack(0x000000bd88b00000,0x000000bd88c00000) (1024K)]

[error occurred during error reporting (printing all threads), id 0xc0000005, EXCEPTION_ACCESS_VIOLATION (0xc0000005) at pc=0x00007ffd61eef517]
VM state: not at safepoint (not fully initialized)

VM Mutex/Monitor currently owned by a thread:  ([mutex/lock_event])
[0x00007ffd6281cc80] Heap_lock - owner thread: 0x000002ae010f1c60

Heap address: 0x0000000083600000, size: 1994 MB, Compressed Oops mode: 32-bit

CDS archive(s) mapped at: [0x0000000000000000-0x0000000000000000-0x0000000000000000), size 0, SharedBaseAddress: 0x0000000800000000, ArchiveRelocationMode: 1.
Narrow klass base: 0x0000000000000000, Narrow klass shift: 0, Narrow klass range: 0x0

GC Precious Log:
 CardTable entry size: 512
 Card Set container configuration: InlinePtr #cards 5 size 8 Array Of Cards #cards 12 size 40 Howl #buckets 4 coarsen threshold 1843 Howl Bitmap #cards 512 size 80 coarsen threshold 460 Card regions per heap region 1 cards per card region 2048

Heap:
 garbage-first heap   total reserved 2041856K, committed 0K, used 0K [0x0000000083600000, 0x0000000100000000)
  region size 1024K, 0 young (0K), 0 survivors (0K)

[error occurred during error reporting (printing heap information), id 0xc0000005, EXCEPTION_ACCESS_VIOLATION (0xc0000005) at pc=0x00007ffd622ee869]
GC Heap History (0 events):
No events

Dll operation events (1 events):
Event: 0.008 Loaded shared library C:\Program Files\Java\jdk-22\bin\java.dll

Deoptimization events (0 events):
No events

Classes loaded (0 events):
No events

Classes unloaded (0 events):
No events

Classes redefined (0 events):
No events

Internal exceptions (0 events):
No events

ZGC Phase Switch (0 events):
No events

VM Operations (0 events):
No events

Memory protections (0 events):
No events

Nmethod flushes (0 events):
No events

Events (0 events):
No events


Dynamic libraries:
0x00007ff6d9ee0000 - 0x00007ff6d9ef0000 	C:\Program Files\Java\jdk-22\bin\javaw.exe
0x00007ffde21d0000 - 0x00007ffde23e7000 	C:\WINDOWS\SYSTEM32\ntdll.dll
0x00007ffde0910000 - 0x00007ffde09d4000 	C:\WINDOWS\System32\KERNEL32.DLL
0x00007ffddf4d0000 - 0x00007ffddf889000 	C:\WINDOWS\System32\KERNELBASE.dll
0x00007ffddfbe0000 - 0x00007ffddfcf1000 	C:\WINDOWS\System32\ucrtbase.dll
0x00007ffdceac0000 - 0x00007ffdceadb000 	C:\Program Files\Java\jdk-22\bin\VCRUNTIME140.dll
0x00007ffdcee30000 - 0x00007ffdcee47000 	C:\Program Files\Java\jdk-22\bin\jli.dll
0x00007ffde1cf0000 - 0x00007ffde1e9e000 	C:\WINDOWS\System32\USER32.dll
0x00007ffddf950000 - 0x00007ffddf976000 	C:\WINDOWS\System32\win32u.dll
0x00007ffdc6150000 - 0x00007ffdc63e2000 	C:\WINDOWS\WinSxS\amd64_microsoft.windows.common-controls_6595b64144ccf1df_6.0.22621.4391_none_2715d37f73803e96\COMCTL32.dll
0x00007ffde2050000 - 0x00007ffde2079000 	C:\WINDOWS\System32\GDI32.dll
0x00007ffde0de0000 - 0x00007ffde0e87000 	C:\WINDOWS\System32\msvcrt.dll
0x00007ffddf980000 - 0x00007ffddfa9b000 	C:\WINDOWS\System32\gdi32full.dll
0x00007ffddfb10000 - 0x00007ffddfbaa000 	C:\WINDOWS\System32\msvcp_win.dll
0x00007ffde0150000 - 0x00007ffde0181000 	C:\WINDOWS\System32\IMM32.DLL
0x00007ffddaba0000 - 0x00007ffddabac000 	C:\Program Files\Java\jdk-22\bin\vcruntime140_1.dll
0x00007ffdb6470000 - 0x00007ffdb64fe000 	C:\Program Files\Java\jdk-22\bin\msvcp140.dll
0x00007ffd61bb0000 - 0x00007ffd628f9000 	C:\Program Files\Java\jdk-22\bin\server\jvm.dll
0x00007ffde03d0000 - 0x00007ffde0482000 	C:\WINDOWS\System32\ADVAPI32.dll
0x00007ffde00a0000 - 0x00007ffde0147000 	C:\WINDOWS\System32\sechost.dll
0x00007ffddfbb0000 - 0x00007ffddfbd8000 	C:\WINDOWS\System32\bcrypt.dll
0x00007ffddff80000 - 0x00007ffde0094000 	C:\WINDOWS\System32\RPCRT4.dll
0x00007ffde1710000 - 0x00007ffde1781000 	C:\WINDOWS\System32\WS2_32.dll
0x00007ffdde320000 - 0x00007ffdde36d000 	C:\WINDOWS\SYSTEM32\POWRPROF.dll
0x00007ffddb0f0000 - 0x00007ffddb0fa000 	C:\WINDOWS\SYSTEM32\VERSION.dll
0x00007ffdd86a0000 - 0x00007ffdd86d4000 	C:\WINDOWS\SYSTEM32\WINMM.dll
0x00007ffdde300000 - 0x00007ffdde313000 	C:\WINDOWS\SYSTEM32\UMPDC.dll
0x00007ffdde5c0000 - 0x00007ffdde5d8000 	C:\WINDOWS\SYSTEM32\kernel.appcore.dll
0x00007ffddaaf0000 - 0x00007ffddaafa000 	C:\Program Files\Java\jdk-22\bin\jimage.dll
0x00007ffddc020000 - 0x00007ffddc252000 	C:\WINDOWS\SYSTEM32\DBGHELP.DLL
0x00007ffde0a50000 - 0x00007ffde0ddf000 	C:\WINDOWS\System32\combase.dll
0x00007ffde1790000 - 0x00007ffde1867000 	C:\WINDOWS\System32\OLEAUT32.dll
0x00007ffdd62b0000 - 0x00007ffdd62e2000 	C:\WINDOWS\SYSTEM32\dbgcore.DLL
0x00007ffddfe70000 - 0x00007ffddfeeb000 	C:\WINDOWS\System32\bcryptPrimitives.dll
0x00007ffdd88d0000 - 0x00007ffdd88ee000 	C:\Program Files\Java\jdk-22\bin\java.dll
0x00007ffde0e90000 - 0x00007ffde1706000 	C:\WINDOWS\System32\SHELL32.dll
0x00007ffde1ea0000 - 0x00007ffde2045000 	C:\WINDOWS\System32\ole32.dll

dbghelp: loaded successfully - version: 4.0.5 - missing functions: none
symbol engine: initialized successfully - sym options: 0x614 - pdb path: .;C:\Program Files\Java\jdk-22\bin;C:\WINDOWS\SYSTEM32;C:\WINDOWS\WinSxS\amd64_microsoft.windows.common-controls_6595b64144ccf1df_6.0.22621.4391_none_2715d37f73803e96;C:\Program Files\Java\jdk-22\bin\server

VM Arguments:
jvm_args: -Dfile.encoding=UTF-8 -Dstdout.encoding=UTF-8 -Dstderr.encoding=UTF-8 -XX:+ShowCodeDetailsInExceptionMessages 
java_command: ChineseChess.RunGame
java_class_path (initial): C:\Users\DUY\eclipse-workspace\CK_23133012_NguyenSonDuy\bin
Launcher Type: SUN_STANDARD

[Global flags]
     intx CICompilerCount                          = 4                                         {product} {ergonomic}
     uint ConcGCThreads                            = 2                                         {product} {ergonomic}
     uint G1ConcRefinementThreads                  = 8                                         {product} {ergonomic}
   size_t G1HeapRegionSize                         = 1048576                                   {product} {ergonomic}
   size_t InitialHeapSize                          = 132120576                                 {product} {ergonomic}
   size_t MarkStackSize                            = 4194304                                   {product} {ergonomic}
   size_t MaxHeapSize                              = 2090860544                                {product} {ergonomic}
   size_t MinHeapDeltaBytes                        = 1048576                                   {product} {ergonomic}
   size_t MinHeapSize                              = 8388608                                   {product} {ergonomic}
    uintx NonNMethodCodeHeapSize                   = 5839372                                {pd product} {ergonomic}
    uintx NonProfiledCodeHeapSize                  = 122909434                              {pd product} {ergonomic}
    uintx ProfiledCodeHeapSize                     = 122909434                              {pd product} {ergonomic}
    uintx ReservedCodeCacheSize                    = 251658240                              {pd product} {ergonomic}
     bool SegmentedCodeCache                       = true                                      {product} {ergonomic}
     bool ShowCodeDetailsInExceptionMessages       = true                                   {manageable} {command line}
   size_t SoftMaxHeapSize                          = 2090860544                             {manageable} {ergonomic}
     bool UseCompressedOops                        = true                           {product lp64_product} {ergonomic}
     bool UseG1GC                                  = true                                      {product} {ergonomic}
     bool UseLargePagesIndividualAllocation        = false                                  {pd product} {ergonomic}

Logging:
Log output configuration:
 #0: stdout all=warning uptime,level,tags foldmultilines=false
 #1: stderr all=off uptime,level,tags foldmultilines=false

Environment Variables:
PATH=C:/Program Files/Java/jdk-22/bin/server;C:/Program Files/Java/jdk-22/bin;C:\Program Files (x86)\Common Files\Oracle\Java\javapath;C:\Program Files\Common Files\Oracle\Java\javapath;C:\ProgramData\Oracle\Java\javapath;C:\Windows\system32;C:\Windows;C:\Windows\System32\Wbem;C:\Windows\System32\WindowsPowerShell\v1.0\;C:\Windows\System32\OpenSSH\;C:\Program Files (x86)\NVIDIA Corporation\PhysX\Common;C:\Program Files\dotnet\;C:\WINDOWS\system32;C:\WINDOWS;C:\WINDOWS\System32\Wbem;C:\WINDOWS\System32\WindowsPowerShell\v1.0\;C:\WINDOWS\System32\OpenSSH\;C:\MinGW\bin;C:\Program Files\Microsoft SQL Server\Client SDK\ODBC\170\Tools\Binn\;C:\Program Files\Microsoft SQL Server\150\Tools\Binn\;C:\Program Files\NVIDIA Corporation\NVIDIA app\NvDLISR;C:\Users\DUY\Downloads\Master_GenshinImpact_v5.0\enc\dll;D:\Git\cmd;C:\Users\DUY\AppData\Local\Programs\Python\Python313\Scripts\;C:\Users\DUY\AppData\Local\Programs\Python\Python313\;C:\Users\DUY\AppData\Local\Microsoft\WindowsApps;C:\Users\DUY\AppData\Local\Programs\Microsoft VS Code\bin;C:\Users\DUY\.dotnet\tools;D:\LenovoLegionToolkit\;C:\Users\DUY\Desktop;
USERNAME=DUY
OS=Windows_NT
PROCESSOR_IDENTIFIER=Intel64 Family 6 Model 140 Stepping 2, GenuineIntel
TMP=C:\Users\DUY\AppData\Local\Temp
TEMP=C:\Users\DUY\AppData\Local\Temp




Periodic native trim disabled

---------------  S Y S T E M  ---------------

OS:
 Windows 11 , 64 bit Build 22621 (10.0.22621.4391)
OS uptime: 2 days 12:35 hours
Hyper-V role detected

CPU: total 8 (initial active 8) (4 cores per cpu, 2 threads per core) family 6 model 140 stepping 2 microcode 0x26, cx8, cmov, fxsr, ht, mmx, 3dnowpref, sse, sse2, sse3, ssse3, sse4.1, sse4.2, popcnt, lzcnt, tsc, tscinvbit, avx, avx2, aes, erms, clmul, bmi1, bmi2, adx, avx512f, avx512dq, avx512cd, avx512bw, avx512vl, sha, fma, vzeroupper, avx512_vpopcntdq, avx512_vpclmulqdq, avx512_vaes, avx512_vnni, clflush, clflushopt, clwb, avx512_vbmi2, avx512_vbmi, hv, rdtscp, rdpid, fsrm, gfni, avx512_bitalg, f16c, cet_ibt, cet_ss, avx512_ifma
Processor Information for all 8 processors :
  Max Mhz: 3187, Current Mhz: 3187, Mhz Limit: 3187

Memory: 4k page, system-wide physical 7975M (1243M free)
TotalPageFile size 16895M (AvailPageFile size 107M)
current process WorkingSet (physical memory assigned to process): 12M, peak: 12M
current process commit charge ("private bytes"): 60M, peak: 186M

vm_info: Java HotSpot(TM) 64-Bit Server VM (22.0.2+9-70) for windows-amd64 JRE (22.0.2+9-70), built on 2024-06-04T16:52:23Z by "mach5one" with MS VC++ 17.6 (VS2022)

END.
